Arguments: 
  /Users/joshkennedy00/.nvm/versions/node/v15.3.0/bin/node /usr/local/Cellar/yarn/1.22.11/libexec/bin/yarn.js add canvas 2.0.0

PATH: 
  /Users/joshkennedy00/.nvm/versions/node/v15.3.0/bin:/Users/joshkennedy00/.nvm/versions/node/v16.0.0/bin:/Users/joshkennedy00/.local/bin:/Users/joshkennedy00/.nvm/versions/node/v15.3.0/bin:/usr/local/opt/php@7.2/sbin:/usr/local/opt/php@7.2/bin:/Users/joshkennedy00/.composer/vendor/bin:/Users/joshkennedy00/.cargo/bin:/Library/Frameworks/Python.framework/Versions/3.7/bin:/usr/local/bin:/usr/bin:/bin:/usr/sbin:/sbin:/usr/local/go/bin:/Users/joshkennedy00/.local/bin:/Users/joshkennedy00/.nvm/versions/node/v16.0.0/bin:/usr/local/opt/php@7.2/sbin:/usr/local/opt/php@7.2/bin:/Users/joshkennedy00/.composer/vendor/bin:/Users/joshkennedy00/.cargo/bin:/Library/Frameworks/Python.framework/Versions/3.7/bin:/Users/joshkennedy00/.bin:/opt/yarn-[version]/bin:/Users/joshkennedy00/.js:/usr/local/opt/sqlite/bin:/Users/joshkennedy00/go/bin:/Users/joshkennedy00/go/src/joshatouttink/battle-snakes-cli/rules/:/Users/joshkennedy00/tmux/fem-scripts/:/Users/joshkennedy00/.bin:/opt/yarn-[version]/bin:/usr/local/bin:/Users/joshkennedy00/.js:/usr/local/opt/sqlite/bin:/Users/joshkennedy00/go/bin:/Users/joshkennedy00/go/src/joshatouttink/battle-snakes-cli/rules/:/Users/joshkennedy00/tmux/fem-scripts/

Yarn version: 
  1.22.11

Node version: 
  15.3.0

Platform: 
  darwin x64

Trace: 
  Error: https://registry.yarnpkg.com/2.0.0: Not found
      at Request.params.callback [as _callback] (/usr/local/Cellar/yarn/1.22.11/libexec/lib/cli.js:66992:18)
      at Request.self.callback (/usr/local/Cellar/yarn/1.22.11/libexec/lib/cli.js:140763:22)
      at Request.emit (node:events:376:20)
      at Request.<anonymous> (/usr/local/Cellar/yarn/1.22.11/libexec/lib/cli.js:141735:10)
      at Request.emit (node:events:376:20)
      at IncomingMessage.<anonymous> (/usr/local/Cellar/yarn/1.22.11/libexec/lib/cli.js:141657:12)
      at Object.onceWrapper (node:events:482:28)
      at IncomingMessage.emit (node:events:388:22)
      at endReadableNT (node:internal/streams/readable:1294:12)
      at processTicksAndRejections (node:internal/process/task_queues:80:21)

npm manifest: 
  {
    "name": "weekily-hours",
    "version": "1.0.0",
    "main": "index.js",
    "license": "MIT",
    "devDependencies": {
      "@types/node": "^16.9.6"
    },
    "dependencies": {
      "@netlify/functions": "^0.7.2",
      "dotenv": "^10.0.0",
      "node": "^16.10.0",
      "node-fetch": "^2.6.5"
    }
  }

yarn manifest: 
  No manifest

Lockfile: 
  # THIS IS AN AUTOGENERATED FILE. DO NOT EDIT THIS FILE DIRECTLY.
  # yarn lockfile v1
  
  
  "@netlify/functions@^0.7.2":
    version "0.7.2"
    resolved "https://registry.yarnpkg.com/@netlify/functions/-/functions-0.7.2.tgz#9d39553b94e7aaa86dddf515bdbaed3e89998122"
    integrity sha512-xf45ZqQukMxmlkqNMC5BXdFMaVZ8VqF42MV5zA5nKVOh2V0mhYlcbTYlVbS/K2/rtvQ3W8lxxixYl4NT7kq6Bg==
    dependencies:
      is-promise "^4.0.0"
  
  "@types/node@^16.9.6":
    version "16.9.6"
    resolved "https://registry.yarnpkg.com/@types/node/-/node-16.9.6.tgz#040a64d7faf9e5d9e940357125f0963012e66f04"
    integrity sha512-YHUZhBOMTM3mjFkXVcK+WwAcYmyhe1wL4lfqNtzI0b3qAy7yuSetnM7QJazgE5PFmgVTNGiLOgRFfJMqW7XpSQ==
  
  dotenv@^10.0.0:
    version "10.0.0"
    resolved "https://registry.yarnpkg.com/dotenv/-/dotenv-10.0.0.tgz#3d4227b8fb95f81096cdd2b66653fb2c7085ba81"
    integrity sha512-rlBi9d8jpv9Sf1klPjNfFAuWDjKLwTIJJ/VxtoTwIR6hnZxcEOQCZg2oIL3MWBYw5GpUDKOEnND7LXTbIpQ03Q==
  
  is-promise@^4.0.0:
    version "4.0.0"
    resolved "https://registry.yarnpkg.com/is-promise/-/is-promise-4.0.0.tgz#42ff9f84206c1991d26debf520dd5c01042dd2f3"
    integrity sha512-hvpoI6korhJMnej285dSg6nu1+e6uxs7zG3BYAm5byqDsgJNWwxzM6z6iZiAgQR4TJ30JmBTOwqZUw3WlyH3AQ==
  
  node-bin-setup@^1.0.0:
    version "1.0.6"
    resolved "https://registry.yarnpkg.com/node-bin-setup/-/node-bin-setup-1.0.6.tgz#4b5c9bb937ece702d7069b36ca78af4684677528"
    integrity sha512-uPIxXNis1CRbv1DwqAxkgBk5NFV3s7cMN/Gf556jSw6jBvV7ca4F9lRL/8cALcZecRibeqU+5dFYqFFmzv5a0Q==
  
  node-fetch@^2.6.5:
    version "2.6.5"
    resolved "https://registry.yarnpkg.com/node-fetch/-/node-fetch-2.6.5.tgz#42735537d7f080a7e5f78b6c549b7146be1742fd"
    integrity sha512-mmlIVHJEu5rnIxgEgez6b9GgWXbkZj5YZ7fx+2r94a2E+Uirsp6HsPTPlomfdHtpt/B0cdKviwkoaM6pyvUOpQ==
    dependencies:
      whatwg-url "^5.0.0"
  
  node@^16.10.0:
    version "16.10.0"
    resolved "https://registry.yarnpkg.com/node/-/node-16.10.0.tgz#5cd96a98f33ffa90ce83901c77cc980dde344bb4"
    integrity sha512-SXcqz3j4AOFMPPsd0bXDpQY95Xm8mnJ7PbBhJKEvp+aPYoVH38QAHha59EAuRaiASaSLWt5sP0oDCMzzaSmEAA==
    dependencies:
      node-bin-setup "^1.0.0"
  
  tr46@~0.0.3:
    version "0.0.3"
    resolved "https://registry.yarnpkg.com/tr46/-/tr46-0.0.3.tgz#8184fd347dac9cdc185992f3a6622e14b9d9ab6a"
    integrity sha1-gYT9NH2snNwYWZLzpmIuFLnZq2o=
  
  webidl-conversions@^3.0.0:
    version "3.0.1"
    resolved "https://registry.yarnpkg.com/webidl-conversions/-/webidl-conversions-3.0.1.tgz#24534275e2a7bc6be7bc86611cc16ae0a5654871"
    integrity sha1-JFNCdeKnvGvnvIZhHMFq4KVlSHE=
  
  whatwg-url@^5.0.0:
    version "5.0.0"
    resolved "https://registry.yarnpkg.com/whatwg-url/-/whatwg-url-5.0.0.tgz#966454e8765462e37644d3626f6742ce8b70965d"
    integrity sha1-lmRU6HZUYuN2RNNib2dCzotwll0=
    dependencies:
      tr46 "~0.0.3"
      webidl-conversions "^3.0.0"
